Performing C SOURCE FILE Test FEATURE_ssse3_NOFLAG failed with the following output:
Change Dir: /home/mo/src/github/xmrig/CMakeFiles/CMakeTmp

Run Build Command(s):/usr/bin/gmake cmTC_3bd30/fast && /usr/bin/gmake -f CMakeFiles/cmTC_3bd30.dir/build.make CMakeFiles/cmTC_3bd30.dir/build
gmake[1]: Entering directory '/home/mo/src/github/xmrig/CMakeFiles/CMakeTmp'
Building C object CMakeFiles/cmTC_3bd30.dir/src.c.o
/usr/bin/cc   -Wall -Wno-strict-aliasing -maes -DFEATURE_ssse3_NOFLAG   -o CMakeFiles/cmTC_3bd30.dir/src.c.o   -c /home/mo/src/github/xmrig/CMakeFiles/CMakeTmp/src.c
In file included from /usr/lib/gcc/x86_64-linux-gnu/10/include/immintrin.h:35,
                 from /usr/lib/gcc/x86_64-linux-gnu/10/include/x86intrin.h:32,
                 from /home/mo/src/github/xmrig/CMakeFiles/CMakeTmp/src.c:1:
/home/mo/src/github/xmrig/CMakeFiles/CMakeTmp/src.c: In function ‘function_ssse3’:
/usr/lib/gcc/x86_64-linux-gnu/10/include/tmmintrin.h:136:1: error: inlining failed in call to ‘always_inline’ ‘_mm_shuffle_epi8’: target specific option mismatch
  136 | _mm_shuffle_epi8 (__m128i __X, __m128i __Y)
      | ^~~~~~~~~~~~~~~~
/home/mo/src/github/xmrig/CMakeFiles/CMakeTmp/src.c:5:12: note: called from here
    5 |     *dst = _mm_shuffle_epi8(*a, *b);
      |            ^~~~~~~~~~~~~~~~~~~~~~~~
gmake[1]: *** [CMakeFiles/cmTC_3bd30.dir/build.make:66: CMakeFiles/cmTC_3bd30.dir/src.c.o] Error 1
gmake[1]: Leaving directory '/home/mo/src/github/xmrig/CMakeFiles/CMakeTmp'
gmake: *** [Makefile:121: cmTC_3bd30/fast] Error 2


Source file was:
#include <x86intrin.h>

void function_ssse3(__m128i *dst, const __m128i *a, const __m128i *b)
{
    *dst = _mm_shuffle_epi8(*a, *b);
}

int main(void) { return 0; }

Performing C SOURCE FILE Test FEATURE_xop_NOFLAG failed with the following output:
Change Dir: /home/mo/src/github/xmrig/CMakeFiles/CMakeTmp

Run Build Command(s):/usr/bin/gmake cmTC_53f30/fast && /usr/bin/gmake -f CMakeFiles/cmTC_53f30.dir/build.make CMakeFiles/cmTC_53f30.dir/build
gmake[1]: Entering directory '/home/mo/src/github/xmrig/CMakeFiles/CMakeTmp'
Building C object CMakeFiles/cmTC_53f30.dir/src.c.o
/usr/bin/cc   -Wall -Wno-strict-aliasing -maes -DFEATURE_xop_NOFLAG   -o CMakeFiles/cmTC_53f30.dir/src.c.o   -c /home/mo/src/github/xmrig/CMakeFiles/CMakeTmp/src.c
In file included from /usr/lib/gcc/x86_64-linux-gnu/10/include/x86intrin.h:38,
                 from /home/mo/src/github/xmrig/CMakeFiles/CMakeTmp/src.c:1:
/home/mo/src/github/xmrig/CMakeFiles/CMakeTmp/src.c: In function ‘function_xop’:
/home/mo/src/github/xmrig/CMakeFiles/CMakeTmp/src.c:5:12: error: ‘__builtin_ia32_vprotqi’ needs isa option -mxop
    5 |     *dst = _mm_roti_epi64(*a, b);
      |            ^~~~~~~~~~~~~~
gmake[1]: *** [CMakeFiles/cmTC_53f30.dir/build.make:66: CMakeFiles/cmTC_53f30.dir/src.c.o] Error 1
gmake[1]: Leaving directory '/home/mo/src/github/xmrig/CMakeFiles/CMakeTmp'
gmake: *** [Makefile:121: cmTC_53f30/fast] Error 2


Source file was:
#include <x86intrin.h>

void function_xop(__m128i *dst, const __m128i *a, int b)
{
    *dst = _mm_roti_epi64(*a, b);
}

int main(void) { return 0; }

Performing C SOURCE FILE Test FEATURE_avx2_NOFLAG failed with the following output:
Change Dir: /home/mo/src/github/xmrig/CMakeFiles/CMakeTmp

Run Build Command(s):/usr/bin/gmake cmTC_e8a89/fast && /usr/bin/gmake -f CMakeFiles/cmTC_e8a89.dir/build.make CMakeFiles/cmTC_e8a89.dir/build
gmake[1]: Entering directory '/home/mo/src/github/xmrig/CMakeFiles/CMakeTmp'
Building C object CMakeFiles/cmTC_e8a89.dir/src.c.o
/usr/bin/cc   -Wall -Wno-strict-aliasing -maes -DFEATURE_avx2_NOFLAG   -o CMakeFiles/cmTC_e8a89.dir/src.c.o   -c /home/mo/src/github/xmrig/CMakeFiles/CMakeTmp/src.c
/home/mo/src/github/xmrig/CMakeFiles/CMakeTmp/src.c: In function ‘function_avx2’:
/home/mo/src/github/xmrig/CMakeFiles/CMakeTmp/src.c:5:10: warning: AVX vector return without AVX enabled changes the ABI [-Wpsabi]
    5 |     *dst = _mm256_xor_si256(*a, *b);
      |     ~~~~~^~~~~~~~~~~~~~~~~~~~~~~~~~
In file included from /usr/lib/gcc/x86_64-linux-gnu/10/include/immintrin.h:53,
                 from /usr/lib/gcc/x86_64-linux-gnu/10/include/x86intrin.h:32,
                 from /home/mo/src/github/xmrig/CMakeFiles/CMakeTmp/src.c:1:
/usr/lib/gcc/x86_64-linux-gnu/10/include/avx2intrin.h:913:1: error: inlining failed in call to ‘always_inline’ ‘_mm256_xor_si256’: target specific option mismatch
  913 | _mm256_xor_si256 (__m256i __A, __m256i __B)
      | ^~~~~~~~~~~~~~~~
/home/mo/src/github/xmrig/CMakeFiles/CMakeTmp/src.c:5:12: note: called from here
    5 |     *dst = _mm256_xor_si256(*a, *b);
      |            ^~~~~~~~~~~~~~~~~~~~~~~~
gmake[1]: *** [CMakeFiles/cmTC_e8a89.dir/build.make:66: CMakeFiles/cmTC_e8a89.dir/src.c.o] Error 1
gmake[1]: Leaving directory '/home/mo/src/github/xmrig/CMakeFiles/CMakeTmp'
gmake: *** [Makefile:121: cmTC_e8a89/fast] Error 2


Source file was:
#include <x86intrin.h>

void function_avx2(__m256i *dst, const __m256i *a, const __m256i *b)
{
    *dst = _mm256_xor_si256(*a, *b);
}

int main(void) { return 0; }

Performing C SOURCE FILE Test FEATURE_avx512f_NOFLAG failed with the following output:
Change Dir: /home/mo/src/github/xmrig/CMakeFiles/CMakeTmp

Run Build Command(s):/usr/bin/gmake cmTC_f06ce/fast && /usr/bin/gmake -f CMakeFiles/cmTC_f06ce.dir/build.make CMakeFiles/cmTC_f06ce.dir/build
gmake[1]: Entering directory '/home/mo/src/github/xmrig/CMakeFiles/CMakeTmp'
Building C object CMakeFiles/cmTC_f06ce.dir/src.c.o
/usr/bin/cc   -Wall -Wno-strict-aliasing -maes -DFEATURE_avx512f_NOFLAG   -o CMakeFiles/cmTC_f06ce.dir/src.c.o   -c /home/mo/src/github/xmrig/CMakeFiles/CMakeTmp/src.c
In file included from /usr/lib/gcc/x86_64-linux-gnu/10/include/immintrin.h:55,
                 from /usr/lib/gcc/x86_64-linux-gnu/10/include/x86intrin.h:32,
                 from /home/mo/src/github/xmrig/CMakeFiles/CMakeTmp/src.c:1:
/home/mo/src/github/xmrig/CMakeFiles/CMakeTmp/src.c: In function ‘function_avx512f’:
/usr/lib/gcc/x86_64-linux-gnu/10/include/avx512fintrin.h:204:1: error: inlining failed in call to ‘always_inline’ ‘_mm512_undefined_epi32’: target specific option mismatch
  204 | _mm512_undefined_epi32 (void)
      | ^~~~~~~~~~~~~~~~~~~~~~
/home/mo/src/github/xmrig/CMakeFiles/CMakeTmp/src.c:5:12: note: called from here
    5 |     *dst = _mm512_ror_epi64(*a, 57);
      |            ^~~~~~~~~~~~~~~~
gmake[1]: *** [CMakeFiles/cmTC_f06ce.dir/build.make:66: CMakeFiles/cmTC_f06ce.dir/src.c.o] Error 1
gmake[1]: Leaving directory '/home/mo/src/github/xmrig/CMakeFiles/CMakeTmp'
gmake: *** [Makefile:121: cmTC_f06ce/fast] Error 2


Source file was:
#include <x86intrin.h>

void function_avx512f(__m512i *dst, const __m512i *a)
{
    *dst = _mm512_ror_epi64(*a, 57);
}

int main(void) { return 0; }

